{"C:\\Users\\abdessalam.rouabha\\calculator-js\\src\\cal.js": {"path":"C:\\Users\\abdessalam.rouabha\\calculator-js\\src\\cal.js","statementMap":{"0":{"start":{"line":2,"column":12},"end":{"line":2,"column":25}},"1":{"start":{"line":2,"column":22},"end":{"line":2,"column":25}}},"fnMap":{"0":{"name":"(anonymous_0)","decl":{"start":{"line":2,"column":12},"end":{"line":2,"column":13}},"loc":{"start":{"line":2,"column":22},"end":{"line":2,"column":25}},"line":2}},"branchMap":{},"s":{"0":1,"1":1},"f":{"0":1},"b":{},"_coverageSchema":"1a1c01bbd47fc00a2c39e90264f33305004495a9","hash":"bee0ca34461ed7926dee30bff53bef922b8a3bb9"}
}
